# Logfile created on 2014-02-10 11:56:45 +0530 by logger.rb/31641
I, [2014-02-10T11:56:45.319479 #1249]  INFO -- : 0:  coderay (1.1.0) from /Users/InderPal/.rvm/gems/ruby-1.9.3-p484@photonetra_api/specifications/coderay-1.1.0.gemspec
I, [2014-02-10T11:56:45.319962 #1249]  INFO -- : 0:  daemons (1.1.9) from /Users/InderPal/.rvm/gems/ruby-1.9.3-p484@photonetra_api/specifications/daemons-1.1.9.gemspec
I, [2014-02-10T11:56:45.320291 #1249]  INFO -- : 0:  eventmachine (1.0.3) from /Users/InderPal/.rvm/gems/ruby-1.9.3-p484@photonetra_api/specifications/eventmachine-1.0.3.gemspec
I, [2014-02-10T11:56:45.320626 #1249]  INFO -- : 0:  json (1.8.1) from /Users/InderPal/.rvm/gems/ruby-1.9.3-p484@photonetra_api/specifications/json-1.8.1.gemspec
I, [2014-02-10T11:56:45.320945 #1249]  INFO -- : 0:  method_source (0.8.2) from /Users/InderPal/.rvm/gems/ruby-1.9.3-p484@photonetra_api/specifications/method_source-0.8.2.gemspec
I, [2014-02-10T11:56:45.321258 #1249]  INFO -- : 0:  slop (3.4.7) from /Users/InderPal/.rvm/gems/ruby-1.9.3-p484@photonetra_api/specifications/slop-3.4.7.gemspec
I, [2014-02-10T11:56:51.333761 #1249]  INFO -- : 0:  pry (0.9.12.6) from /Users/InderPal/.rvm/gems/ruby-1.9.3-p484@photonetra_api/specifications/pry-0.9.12.6.gemspec
I, [2014-02-10T11:56:51.335000 #1249]  INFO -- : 0:  rack (1.5.2) from /Users/InderPal/.rvm/gems/ruby-1.9.3-p484@photonetra_api/specifications/rack-1.5.2.gemspec
I, [2014-02-10T11:56:53.881525 #1249]  INFO -- : 0:  rack-protection (1.5.2) from /Users/InderPal/.rvm/gems/ruby-1.9.3-p484@photonetra_api/specifications/rack-protection-1.5.2.gemspec
I, [2014-02-10T11:56:53.882001 #1249]  INFO -- : 0:  tilt (1.4.1) from /Users/InderPal/.rvm/gems/ruby-1.9.3-p484@photonetra_api/specifications/tilt-1.4.1.gemspec
I, [2014-02-10T11:56:53.882335 #1249]  INFO -- : 0:  sinatra (1.4.4) from /Users/InderPal/.rvm/gems/ruby-1.9.3-p484@photonetra_api/specifications/sinatra-1.4.4.gemspec
I, [2014-02-10T11:56:53.882679 #1249]  INFO -- : 0:  sinatra-cross_origin (0.3.2) from /Users/InderPal/.rvm/gems/ruby-1.9.3-p484@photonetra_api/specifications/sinatra-cross_origin-0.3.2.gemspec
I, [2014-02-10T11:56:53.883016 #1249]  INFO -- : 0:  thin (1.6.1) from /Users/InderPal/.rvm/gems/ruby-1.9.3-p484@photonetra_api/specifications/thin-1.6.1.gemspec
I, [2014-02-10T11:56:53.883338 #1249]  INFO -- : 0:  bundler (1.5.1) from /Users/InderPal/.rvm/gems/ruby-1.9.3-p484@global/specifications/bundler-1.5.1.gemspec
I, [2014-02-10T12:17:57.703621 #1460]  INFO -- : 0:  i18n (0.6.9) from /Users/InderPal/.rvm/gems/ruby-1.9.3-p484@photonetra_api/specifications/i18n-0.6.9.gemspec
I, [2014-02-10T12:17:57.704093 #1460]  INFO -- : 0:  minitest (4.7.5) from /Users/InderPal/.rvm/gems/ruby-1.9.3-p484@photonetra_api/specifications/minitest-4.7.5.gemspec
I, [2014-02-10T12:18:03.506470 #1460]  INFO -- : 0:  multi_json (1.8.4) from /Users/InderPal/.rvm/gems/ruby-1.9.3-p484@photonetra_api/specifications/multi_json-1.8.4.gemspec
I, [2014-02-10T12:18:03.506941 #1460]  INFO -- : 0:  atomic (1.1.14) from /Users/InderPal/.rvm/gems/ruby-1.9.3-p484@photonetra_api/specifications/atomic-1.1.14.gemspec
I, [2014-02-10T12:18:03.507290 #1460]  INFO -- : 0:  thread_safe (0.1.3) from /Users/InderPal/.rvm/gems/ruby-1.9.3-p484@photonetra_api/specifications/thread_safe-0.1.3.gemspec
I, [2014-02-10T12:18:03.507632 #1460]  INFO -- : 0:  tzinfo (0.3.38) from /Users/InderPal/.rvm/gems/ruby-1.9.3-p484@photonetra_api/specifications/tzinfo-0.3.38.gemspec
I, [2014-02-10T12:18:03.507970 #1460]  INFO -- : 0:  activesupport (4.0.2) from /Users/InderPal/.rvm/gems/ruby-1.9.3-p484@photonetra_api/specifications/activesupport-4.0.2.gemspec
I, [2014-02-10T12:18:03.508304 #1460]  INFO -- : 0:  coderay (1.1.0) from /Users/InderPal/.rvm/gems/ruby-1.9.3-p484@photonetra_api/specifications/coderay-1.1.0.gemspec
I, [2014-02-10T12:18:03.508643 #1460]  INFO -- : 0:  daemons (1.1.9) from /Users/InderPal/.rvm/gems/ruby-1.9.3-p484@photonetra_api/specifications/daemons-1.1.9.gemspec
I, [2014-02-10T12:18:03.508976 #1460]  INFO -- : 0:  json (1.8.1) from /Users/InderPal/.rvm/gems/ruby-1.9.3-p484@photonetra_api/specifications/json-1.8.1.gemspec
I, [2014-02-10T12:18:04.755986 #1460]  INFO -- : 0:  multipart-post (1.2.0) from /Users/InderPal/.rvm/gems/ruby-1.9.3-p484@photonetra_api/specifications/multipart-post-1.2.0.gemspec
I, [2014-02-10T12:18:09.016483 #1460]  INFO -- : 0:  databasedotcom (1.3.2) from /Users/InderPal/.rvm/gems/ruby-1.9.3-p484@photonetra_api/specifications/databasedotcom-1.3.2.gemspec
I, [2014-02-10T12:18:09.016959 #1460]  INFO -- : 0:  eventmachine (1.0.3) from /Users/InderPal/.rvm/gems/ruby-1.9.3-p484@photonetra_api/specifications/eventmachine-1.0.3.gemspec
I, [2014-02-10T12:18:09.017306 #1460]  INFO -- : 0:  method_source (0.8.2) from /Users/InderPal/.rvm/gems/ruby-1.9.3-p484@photonetra_api/specifications/method_source-0.8.2.gemspec
I, [2014-02-10T12:18:09.017642 #1460]  INFO -- : 0:  slop (3.4.7) from /Users/InderPal/.rvm/gems/ruby-1.9.3-p484@photonetra_api/specifications/slop-3.4.7.gemspec
I, [2014-02-10T12:18:09.017980 #1460]  INFO -- : 0:  pry (0.9.12.6) from /Users/InderPal/.rvm/gems/ruby-1.9.3-p484@photonetra_api/specifications/pry-0.9.12.6.gemspec
I, [2014-02-10T12:18:09.018308 #1460]  INFO -- : 0:  rack (1.5.2) from /Users/InderPal/.rvm/gems/ruby-1.9.3-p484@photonetra_api/specifications/rack-1.5.2.gemspec
I, [2014-02-10T12:18:09.018638 #1460]  INFO -- : 0:  rack-protection (1.5.2) from /Users/InderPal/.rvm/gems/ruby-1.9.3-p484@photonetra_api/specifications/rack-protection-1.5.2.gemspec
I, [2014-02-10T12:18:09.018966 #1460]  INFO -- : 0:  tilt (1.4.1) from /Users/InderPal/.rvm/gems/ruby-1.9.3-p484@photonetra_api/specifications/tilt-1.4.1.gemspec
I, [2014-02-10T12:18:09.019294 #1460]  INFO -- : 0:  sinatra (1.4.4) from /Users/InderPal/.rvm/gems/ruby-1.9.3-p484@photonetra_api/specifications/sinatra-1.4.4.gemspec
I, [2014-02-10T12:18:09.019623 #1460]  INFO -- : 0:  sinatra-cross_origin (0.3.2) from /Users/InderPal/.rvm/gems/ruby-1.9.3-p484@photonetra_api/specifications/sinatra-cross_origin-0.3.2.gemspec
I, [2014-02-10T12:18:09.019950 #1460]  INFO -- : 0:  thin (1.6.1) from /Users/InderPal/.rvm/gems/ruby-1.9.3-p484@photonetra_api/specifications/thin-1.6.1.gemspec
I, [2014-02-10T12:18:09.020265 #1460]  INFO -- : 0:  bundler (1.5.1) from /Users/InderPal/.rvm/gems/ruby-1.9.3-p484@global/specifications/bundler-1.5.1.gemspec
